epoch,accuracy,loss,lr,val_accuracy,val_loss
0,0.492166668176651,1.3272992372512817,0.001,0.6100000143051147,1.023228645324707
1,0.6093833446502686,1.0183525085449219,0.001,0.628600001335144,0.9727861285209656
2,0.6372166872024536,0.9464969038963318,0.001,0.6492000222206116,0.9176837801933289
3,0.6520833373069763,0.9146084189414978,0.001,0.656000018119812,0.89132159948349
4,0.6606500148773193,0.8849180340766907,0.001,0.6570000052452087,0.9200164079666138
5,0.6646999716758728,0.8712474703788757,0.001,0.669700026512146,0.853966474533081
6,0.6732500195503235,0.8528332114219666,0.001,0.6653000116348267,0.888666033744812
7,0.6765333414077759,0.8444588780403137,0.001,0.6890000104904175,0.8171254396438599
8,0.6830333471298218,0.8266838788986206,0.001,0.6801999807357788,0.8391258716583252
9,0.6887999773025513,0.8150801062583923,0.001,0.6654999852180481,0.8628602623939514
10,0.6883999705314636,0.8133687973022461,0.001,0.6862000226974487,0.8161860108375549
11,0.6950666904449463,0.797111451625824,0.001,0.6973000168800354,0.8035872578620911
12,0.6969500184059143,0.7954718470573425,0.001,0.6948000192642212,0.8031125664710999
13,0.7001000046730042,0.7861911654472351,0.001,0.6858999729156494,0.8165276050567627
14,0.7037833333015442,0.7800921201705933,0.001,0.7053999900817871,0.7801227569580078
15,0.7052833437919617,0.7755554914474487,0.001,0.6974999904632568,0.7993655204772949
16,0.7071999907493591,0.7691468000411987,0.001,0.6905999779701233,0.8031553030014038
17,0.7058666944503784,0.7668176293373108,0.001,0.6869999766349792,0.8245686292648315
18,0.7091000080108643,0.7619867324829102,0.001,0.7150999903678894,0.7630772590637207
19,0.7123000025749207,0.7552271485328674,0.001,0.7031999826431274,0.7812120914459229
20,0.7131833434104919,0.7514482140541077,0.001,0.7095000147819519,0.7590285539627075
21,0.7147499918937683,0.7440347075462341,0.001,0.7096999883651733,0.7624434232711792
22,0.7159666419029236,0.7398144602775574,0.001,0.7196000218391418,0.7539209723472595
23,0.7174500226974487,0.7376126050949097,0.001,0.7196000218391418,0.7412095069885254
24,0.7188000082969666,0.7339929938316345,0.001,0.7073000073432922,0.7707398533821106
25,0.7189666628837585,0.7308306694030762,0.001,0.7127000093460083,0.7525538802146912
26,0.7224500179290771,0.7290205955505371,0.001,0.7196000218391418,0.7435429096221924
27,0.7208499908447266,0.7268455028533936,0.001,0.7261999845504761,0.7292785048484802
28,0.7222166657447815,0.7234524488449097,0.001,0.7208999991416931,0.7298049926757812
29,0.7246000170707703,0.7178000807762146,0.001,0.7245000004768372,0.723386824131012
30,0.7260666489601135,0.7176423668861389,0.001,0.7285000085830688,0.7110101580619812
31,0.7278500199317932,0.7138437032699585,0.001,0.7246999740600586,0.7229037880897522
32,0.7283166646957397,0.711906909942627,0.001,0.723800003528595,0.7386673092842102
33,0.7295666933059692,0.7072659134864807,0.001,0.7200999855995178,0.7264090776443481
34,0.7298666834831238,0.7062011957168579,0.001,0.7275999784469604,0.7246229648590088
35,0.7287166714668274,0.7058923244476318,0.001,0.7250000238418579,0.7188151478767395
36,0.7294333577156067,0.702528715133667,0.001,0.7232000231742859,0.7276974320411682
37,0.73048335313797,0.6978824138641357,0.001,0.724399983882904,0.7281510233879089
38,0.7343166470527649,0.6959736347198486,0.001,0.7282000184059143,0.7071890234947205
39,0.7327666878700256,0.6980384588241577,0.001,0.7360000014305115,0.6951302289962769
40,0.7349833250045776,0.6948973536491394,0.001,0.7301999926567078,0.7070983648300171
41,0.7371166944503784,0.6861277222633362,0.001,0.7254999876022339,0.7304535508155823
42,0.735450029373169,0.6935591697692871,0.001,0.7268000245094299,0.7152986526489258
43,0.735883355140686,0.687155544757843,0.001,0.7311999797821045,0.6991491913795471
44,0.7374833226203918,0.6834908723831177,0.001,0.7346000075340271,0.682719349861145
45,0.7371666431427002,0.6860015392303467,0.001,0.739799976348877,0.6856421828269958
46,0.7375333309173584,0.6825383901596069,0.001,0.7289000153541565,0.7015584111213684
47,0.7384499907493591,0.6853669285774231,0.001,0.7325000166893005,0.6980924606323242
48,0.7389833331108093,0.680395245552063,0.001,0.7328000068664551,0.702755331993103
49,0.7381500005722046,0.6789551973342896,0.001,0.7396000027656555,0.6787605881690979
50,0.7408499717712402,0.6767375469207764,0.001,0.7337999939918518,0.6938142776489258
51,0.7577166557312012,0.6261261105537415,1e-04,0.7502999901771545,0.6478559970855713
52,0.7631000280380249,0.6168485283851624,1e-04,0.7577999830245972,0.6378229260444641
53,0.763866662979126,0.6118119955062866,1e-04,0.7578999996185303,0.6405190229415894
54,0.7674333453178406,0.6069896221160889,1e-04,0.7612000107765198,0.6390495300292969
55,0.7660499811172485,0.6053668260574341,1e-04,0.7590000033378601,0.6344621777534485
56,0.7651833295822144,0.6069678664207458,1e-04,0.7591000199317932,0.634531557559967
57,0.7676666378974915,0.6054478287696838,1e-04,0.758400022983551,0.6340964436531067
58,0.7674499750137329,0.6021589636802673,1e-04,0.7590000033378601,0.6352902054786682
59,0.7671833038330078,0.6041148900985718,1e-04,0.7635999917984009,0.6271210312843323
60,0.7688999772071838,0.5998783707618713,1e-04,0.7623000144958496,0.6302438974380493
61,0.7688500285148621,0.6014952659606934,1e-04,0.7595999836921692,0.6236751675605774
62,0.768916666507721,0.5974847078323364,1e-04,0.7659000158309937,0.6260018348693848
63,0.7688666582107544,0.6001313328742981,1e-04,0.7620999813079834,0.6207334995269775
64,0.7694833278656006,0.6012771129608154,1e-04,0.7626000046730042,0.6205068826675415
65,0.7698166370391846,0.5955150127410889,1e-04,0.7642999887466431,0.6216640472412109
66,0.7716166377067566,0.5930979251861572,1e-04,0.762499988079071,0.6274029016494751
67,0.7712166905403137,0.5945262908935547,1e-04,0.7630000114440918,0.622602105140686
68,0.7706166505813599,0.5928468704223633,1e-04,0.7623000144958496,0.6178787350654602
69,0.7720666527748108,0.592190682888031,1e-04,0.7580999732017517,0.628869891166687
70,0.7727000117301941,0.5908733606338501,1e-04,0.7591999769210815,0.6262849569320679
71,0.7732999920845032,0.5926229357719421,1e-04,0.7645000219345093,0.6188662648200989
72,0.7721666693687439,0.5905435681343079,1e-04,0.7621999979019165,0.6282166242599487
73,0.7702833414077759,0.5940772294998169,1e-04,0.7609000205993652,0.615944504737854
74,0.7726166844367981,0.5906679034233093,1e-04,0.7702000141143799,0.6165645718574524
75,0.7717499732971191,0.5918418765068054,1e-04,0.7628999948501587,0.6180382966995239
76,0.774733304977417,0.5857557654380798,1e-04,0.7627999782562256,0.6204408407211304
77,0.7714833617210388,0.5899849534034729,1e-04,0.7674000263214111,0.6153839826583862
78,0.7730166912078857,0.5898866653442383,1e-04,0.767799973487854,0.609045684337616
79,0.7724166512489319,0.5904415845870972,1e-04,0.766700029373169,0.6128422617912292
80,0.7724666595458984,0.5888276100158691,1e-04,0.7613000273704529,0.6154374480247498
81,0.7726166844367981,0.588322639465332,1e-04,0.7666000127792358,0.6092912554740906
82,0.7739333510398865,0.5858286023139954,1e-04,0.7677000164985657,0.6077070832252502
83,0.7720333337783813,0.5890963077545166,1e-04,0.7598000168800354,0.6225261688232422
84,0.7727333307266235,0.5872767567634583,1e-04,0.7684000134468079,0.6098824739456177
85,0.7733666896820068,0.5874946117401123,1e-04,0.765999972820282,0.613663911819458
86,0.7734833359718323,0.5863104462623596,1e-04,0.765999972820282,0.6199073791503906
87,0.7738833427429199,0.586196780204773,1e-04,0.7699999809265137,0.608613133430481
88,0.7757666707038879,0.5812782049179077,1e-04,0.7635999917984009,0.6196491718292236
89,0.7772499918937683,0.5830926299095154,1e-04,0.7648000121116638,0.6152257919311523
90,0.7750666737556458,0.5843270421028137,1e-04,0.7638000249862671,0.6110492944717407
91,0.7741333246231079,0.5850605964660645,1e-04,0.7657999992370605,0.6147927045822144
92,0.7749500274658203,0.5836734175682068,1e-04,0.767300009727478,0.6088931560516357
